<?xml version="1.0" encoding="UTF-8"?>
<!-- Generated by org.testng.reporters.JUnitXMLReporter -->
<testsuite ignored="0" hostname="DESKTOP-F6OAQES" failures="1" tests="2" name="Parameters Testing" time="0.032" errors="0" timestamp="2024-03-28T23:21:06 ICT">
  <testcase classname="poly.edu.vn.lab6.ParamtersTeting" name="OpenBrowser" time="0.007"/>
  <testcase classname="poly.edu.vn.lab6.ParamtersTeting" name="login" time="0.0">
    <failure type="org.testng.TestNGException" message="
Parameter &amp;apos;Username&amp;apos; is required by @Test on method login but has not been marked @Optional or defined
in C:\Users\xuanc\Desktop\bailamkiemthu\tranXuanChien-pd0858-Lab6\lab6\src\test\java\poly\edu\vn\lab6\Testng2.xml">
      <![CDATA[org.testng.TestNGException: 
Parameter 'Username' is required by @Test on method login but has not been marked @Optional or defined
in C:\Users\xuanc\Desktop\bailamkiemthu\tranXuanChien-pd0858-Lab6\lab6\src\test\java\poly\edu\vn\lab6\Testng2.xml
at java.base/java.util.ArrayList.forEach(ArrayList.java:1511)
... Removed 26 stack frames]]>
    </failure>
  </testcase> <!-- login -->
</testsuite> <!-- Parameters Testing -->
